2023-05-14 11:58:04:203 [Appium] Welcome to Appium v1.22.3
2023-05-14 11:58:04:206 [Appium] Non-default server args:
2023-05-14 11:58:04:207 [Appium]   port: 15501
2023-05-14 11:58:04:207 [Appium]   sessionOverride: true
2023-05-14 11:58:04:207 [Appium]   logFile: C:\Users\91934\Desktop\Commit\appium-cucumberbdd-master\Android_Redmi Note_9\Server.log
2023-05-14 11:58:04:249 [Appium] Appium REST http interface listener started on 0.0.0.0:15501
2023-05-14 11:58:04:850 [HTTP] --> GET /wd/hub/status
2023-05-14 11:58:04:851 [HTTP] {}
2023-05-14 11:58:04:854 [GENERIC] Calling AppiumDriver.getStatus() with args: []
2023-05-14 11:58:04:856 [GENERIC] Responding to client with driver.getStatus() result: {"build":{"version":"1.22.3"}}
2023-05-14 11:58:04:880 [HTTP] <-- GET /wd/hub/status 200 15 ms - 68
2023-05-14 11:58:04:880 [HTTP] 
2023-05-14 11:58:04:890 [HTTP] --> GET /wd/hub/status
2023-05-14 11:58:04:891 [HTTP] {}
2023-05-14 11:58:04:892 [GENERIC] Calling AppiumDriver.getStatus() with args: []
2023-05-14 11:58:04:893 [GENERIC] Responding to client with driver.getStatus() result: {"build":{"version":"1.22.3"}}
2023-05-14 11:58:04:895 [HTTP] <-- GET /wd/hub/status 200 4 ms - 68
2023-05-14 11:58:04:895 [HTTP] 
2023-05-14 11:58:05:724 [HTTP] Request idempotency key: 1eed43c6-4a2d-4dcf-96f7-87a527d43bba
2023-05-14 11:58:05:764 [HTTP] --> POST /wd/hub/session
2023-05-14 11:58:05:764 [HTTP] {"desiredCapabilities":{"app":"C:\\Users\\91934\\Desktop\\Commit\\appium-cucumberbdd-master\\src\\test\\resources\\apps\\app-release.apk","appActivity":"com.lyofi.wallet.MainActivity","appPackage":"com.lyofi.wallet","automationName":"UiAutomator2","chromeDriverPort":"11000","platformName":"Android","udid":"d27a4bda","deviceName":"Redmi Note_9","systemPort":"10000"},"capabilities":{"firstMatch":[{"appium:app":"C:\\Users\\91934\\Desktop\\Commit\\appium-cucumberbdd-master\\src\\test\\resources\\apps\\app-release.apk","appium:appActivity":"com.lyofi.wallet.MainActivity","appium:appPackage":"com.lyofi.wallet","appium:automationName":"UiAutomator2","chromeDriverPort":"11000","appium:deviceName":"Redmi Note_9","platformName":"android","appium:systemPort":"10000","appium:udid":"d27a4bda"}]}}
2023-05-14 11:58:05:765 [W3C] Calling AppiumDriver.createSession() with args: [{"app":"C:\\Users\\91934\\Desktop\\Commit\\appium-cucumberbdd-master\\src\\test\\resources\\apps\\app-release.apk","appActivity":"com.lyofi.wallet.MainActivity","appPackage":"com.lyofi.wallet","automationName":"UiAutomator2","chromeDriverPort":"11000","platformName":"Android","udid":"d27a4bda","deviceName":"Redmi Note_9","systemPort":"10000"},null,{"firstMatch":[{"appium:app":"C:\\Users\\91934\\Desktop\\Commit\\appium-cucumberbdd-master\\src\\test\\resources\\apps\\app-release.apk","appium:appActivity":"com.lyofi.wallet.MainActivity","appium:appPackage":"com.lyofi.wallet","appium:automationName":"UiAutomator2","chromeDriverPort":"11000","appium:deviceName":"Redmi Note_9","platformName":"android","appium:systemPort":"10000","appium:udid":"d27a4bda"}]}]
2023-05-14 11:58:05:765 [BaseDriver] Event 'newSessionRequested' logged at 1684065485765 (17:28:05 GMT+0530 (India Standard Time))
2023-05-14 11:58:05:770 [BaseDriver] The following capabilities are not standard capabilities and should have an extension prefix:
2023-05-14 11:58:05:770 [BaseDriver]   chromeDriverPort
2023-05-14 11:58:06:408 [Appium] Appium v1.22.3 creating new AndroidUiautomator2Driver (v1.70.1) session
2023-05-14 11:58:06:408 [Appium] There are no active sessions for cleanup
2023-05-14 11:58:06:411 [BaseDriver] W3C capabilities and MJSONWP desired capabilities were provided
2023-05-14 11:58:06:411 [BaseDriver] Creating session with W3C capabilities: {
2023-05-14 11:58:06:412 [BaseDriver]   "alwaysMatch": {
2023-05-14 11:58:06:412 [BaseDriver]     "appium:chromeDriverPort": "11000",
2023-05-14 11:58:06:412 [BaseDriver]     "platformName": "android",
2023-05-14 11:58:06:412 [BaseDriver]     "appium:app": "C:\\Users\\91934\\Desktop\\Commit\\appium-cucumberbdd-master\\src\\test\\resources\\apps\\app-release.apk",
2023-05-14 11:58:06:412 [BaseDriver]     "appium:appActivity": "com.lyofi.wallet.MainActivity",
2023-05-14 11:58:06:412 [BaseDriver]     "appium:appPackage": "com.lyofi.wallet",
2023-05-14 11:58:06:412 [BaseDriver]     "appium:automationName": "UiAutomator2",
2023-05-14 11:58:06:412 [BaseDriver]     "appium:deviceName": "Redmi Note_9",
2023-05-14 11:58:06:412 [BaseDriver]     "appium:systemPort": "10000",
2023-05-14 11:58:06:412 [BaseDriver]     "appium:udid": "d27a4bda"
2023-05-14 11:58:06:413 [BaseDriver]   },
2023-05-14 11:58:06:413 [BaseDriver]   "firstMatch": [
2023-05-14 11:58:06:413 [BaseDriver]     {}
2023-05-14 11:58:06:413 [BaseDriver]   ]
2023-05-14 11:58:06:413 [BaseDriver] }
2023-05-14 11:58:06:416 [BaseDriver] Number capability passed in as string. Functionality may be compromised.
2023-05-14 11:58:06:417 [BaseDriver] Number capability passed in as string. Functionality may be compromised.
2023-05-14 11:58:06:421 [BaseDriver] Capability 'systemPort' changed from string ('10000') to integer (10000). This may cause unexpected behavior
2023-05-14 11:58:06:421 [BaseDriver] Capability 'chromeDriverPort' changed from string ('11000') to integer (11000). This may cause unexpected behavior
2023-05-14 11:58:06:423 [BaseDriver] Session created with session id: 025fc2f4-319d-4e02-b6e4-b9be9bdf6d91
2023-05-14 11:58:06:427 [BaseDriver] Using local app 'C:\Users\91934\Desktop\Commit\appium-cucumberbdd-master\src\test\resources\apps\app-release.apk'
2023-05-14 11:58:06:427 [UiAutomator2] Checking whether app is actually present
2023-05-14 11:58:06:460 [ADB] Found 2 'build-tools' folders under 'C:\Users\91934\AppData\Local\Android\Sdk' (newest first):
2023-05-14 11:58:06:460 [ADB]     C:/Users/91934/AppData/Local/Android/Sdk/build-tools/33.0.2
2023-05-14 11:58:06:460 [ADB]     C:/Users/91934/AppData/Local/Android/Sdk/build-tools/30.0.3
2023-05-14 11:58:06:463 [ADB] Using 'adb.exe' from 'C:\Users\91934\AppData\Local\Android\Sdk\platform-tools\adb.exe'
2023-05-14 11:58:06:464 [ADB] Running 'C:\Users\91934\AppData\Local\Android\Sdk\platform-tools\adb.exe -P 5037 start-server'
2023-05-14 11:58:06:580 [AndroidDriver] Retrieving device list
2023-05-14 11:58:06:581 [ADB] Trying to find a connected android device
2023-05-14 11:58:06:582 [ADB] Getting connected devices
2023-05-14 11:58:06:623 [ADB] Connected devices: [{"udid":"d27a4bda","state":"device"},{"udid":"emulator-5554","state":"device"}]
2023-05-14 11:58:06:624 [AndroidDriver] Using device: d27a4bda
2023-05-14 11:58:06:626 [ADB] Using 'adb.exe' from 'C:\Users\91934\AppData\Local\Android\Sdk\platform-tools\adb.exe'
2023-05-14 11:58:06:627 [ADB] Running 'C:\Users\91934\AppData\Local\Android\Sdk\platform-tools\adb.exe -P 5037 start-server'
2023-05-14 11:58:06:671 [ADB] Setting device id to d27a4bda
2023-05-14 11:58:06:672 [ADB] Running 'C:\Users\91934\AppData\Local\Android\Sdk\platform-tools\adb.exe -P 5037 -s d27a4bda shell getprop ro.build.version.sdk'
2023-05-14 11:58:06:781 [ADB] Current device property 'ro.build.version.sdk': 29
2023-05-14 11:58:06:781 [ADB] Getting device platform version
2023-05-14 11:58:06:781 [ADB] Running 'C:\Users\91934\AppData\Local\Android\Sdk\platform-tools\adb.exe -P 5037 -s d27a4bda shell getprop ro.build.version.release'
2023-05-14 11:58:06:854 [ADB] Current device property 'ro.build.version.release': 10
2023-05-14 11:58:06:855 [ADB] Device API level: 29
2023-05-14 11:58:06:855 [UiAutomator2] Relaxing hidden api policy
2023-05-14 11:58:06:855 [ADB] Running 'C:\Users\91934\AppData\Local\Android\Sdk\platform-tools\adb.exe -P 5037 -s d27a4bda shell 'settings put global hidden_api_policy_pre_p_apps 1;settings put global hidden_api_policy_p_apps 1;settings put global hidden_api_policy 1''
2023-05-14 11:58:07:086 [ADB] Running 'C:\Users\91934\AppData\Local\Android\Sdk\platform-tools\adb.exe -P 5037 -s d27a4bda wait-for-device'
2023-05-14 11:58:07:133 [ADB] Running 'C:\Users\91934\AppData\Local\Android\Sdk\platform-tools\adb.exe -P 5037 -s d27a4bda shell echo ping'
2023-05-14 11:58:07:223 [AndroidDriver] Pushing settings apk to device...
2023-05-14 11:58:07:224 [ADB] Getting install status for io.appium.settings
2023-05-14 11:58:07:224 [ADB] Running 'C:\Users\91934\AppData\Local\Android\Sdk\platform-tools\adb.exe -P 5037 -s d27a4bda shell dumpsys package io.appium.settings'
2023-05-14 11:58:07:394 [ADB] 'io.appium.settings' is installed
2023-05-14 11:58:07:394 [ADB] Getting package info for 'io.appium.settings'
2023-05-14 11:58:07:394 [ADB] Running 'C:\Users\91934\AppData\Local\Android\Sdk\platform-tools\adb.exe -P 5037 -s d27a4bda shell dumpsys package io.appium.settings'
2023-05-14 11:58:07:548 [ADB] The version name of the installed 'io.appium.settings' is greater or equal to the application version name ('3.4.0' >= '3.4.0')
2023-05-14 11:58:07:550 [ADB] There is no need to install/upgrade 'C:\Users\91934\AppData\Roaming\npm\node_modules\appium\node_modules\io.appium.settings\apks\settings_apk-debug.apk'
2023-05-14 11:58:07:550 [ADB] Getting IDs of all 'io.appium.settings' processes
2023-05-14 11:58:07:551 [ADB] Running 'C:\Users\91934\AppData\Local\Android\Sdk\platform-tools\adb.exe -P 5037 -s d27a4bda shell 'pgrep --help; echo $?''
2023-05-14 11:58:07:643 [ADB] Running 'C:\Users\91934\AppData\Local\Android\Sdk\platform-tools\adb.exe -P 5037 -s d27a4bda shell pgrep -f \(\[\[:blank:\]\]\|\^\)io\.appium\.settings\(\[\[:blank:\]\]\|\$\)'
2023-05-14 11:58:07:756 [AndroidDriver] io.appium.settings is already running. There is no need to reset its permissions.
2023-05-14 11:58:07:757 [ADB] Running 'C:\Users\91934\AppData\Local\Android\Sdk\platform-tools\adb.exe -P 5037 -s d27a4bda shell appops set io.appium.settings android:mock_location allow'
2023-05-14 11:58:07:865 [Logcat] Starting logs capture with command: C:\\Users\\91934\\AppData\\Local\\Android\\Sdk\\platform-tools\\adb.exe -P 5037 -s d27a4bda logcat -v threadtime
2023-05-14 11:58:07:956 [UiAutomator2] Forwarding UiAutomator2 Server port 6790 to local port 10000
2023-05-14 11:58:07:963 [ADB] Forwarding system: 10000 to device: 6790
2023-05-14 11:58:07:963 [ADB] Running 'C:\Users\91934\AppData\Local\Android\Sdk\platform-tools\adb.exe -P 5037 -s d27a4bda forward tcp:10000 tcp:6790'
2023-05-14 11:58:08:011 [ADB] Getting install status for io.appium.uiautomator2.server
2023-05-14 11:58:08:011 [ADB] Running 'C:\Users\91934\AppData\Local\Android\Sdk\platform-tools\adb.exe -P 5037 -s d27a4bda shell dumpsys package io.appium.uiautomator2.server'
2023-05-14 11:58:08:132 [ADB] 'io.appium.uiautomator2.server' is installed
2023-05-14 11:58:08:132 [ADB] Getting package info for 'io.appium.uiautomator2.server'
2023-05-14 11:58:08:133 [ADB] Running 'C:\Users\91934\AppData\Local\Android\Sdk\platform-tools\adb.exe -P 5037 -s d27a4bda shell dumpsys package io.appium.uiautomator2.server'
2023-05-14 11:58:08:716 [ADB] The version name of the installed 'io.appium.uiautomator2.server' is greater or equal to the application version name ('4.27.0' >= '4.27.0')
2023-05-14 11:58:08:716 [UiAutomator2] io.appium.uiautomator2.server installation state: sameVersionInstalled
2023-05-14 11:58:08:717 [ADB] Checking app cert for C:\Users\91934\AppData\Roaming\npm\node_modules\appium\node_modules\appium-uiautomator2-server\apks\appium-uiautomator2-server-v4.27.0.apk
2023-05-14 11:58:08:761 [ADB] Using 'apksigner.jar' from 'C:\Users\91934\AppData\Local\Android\Sdk\build-tools\33.0.2\lib\apksigner.jar'
2023-05-14 11:58:08:766 [ADB] Starting apksigner: 'C:\\Program Files\\Java\\jdk-11\\bin\\java.exe' -Xmx1024M -Xss1m -jar C:\\Users\\91934\\AppData\\Local\\Android\\Sdk\\build-tools\\33.0.2\\lib\\apksigner.jar verify --print-certs C:\\Users\\91934\\AppData\\Roaming\\npm\\node_modules\\appium\\node_modules\\appium-uiautomator2-server\\apks\\appium-uiautomator2-server-v4.27.0.apk
2023-05-14 11:58:09:877 [ADB] apksigner stdout: Signer #1 certificate DN: EMAILADDRESS=android@android.com, CN=Android, OU=Android, O=Android, L=Mountain View, ST=California, C=US
2023-05-14 11:58:09:877 [ADB] Signer #1 certificate SHA-256 digest: a40da80a59d170caa950cf15c18c454d47a39b26989d8b640ecd745ba71bf5dc
2023-05-14 11:58:09:877 [ADB] Signer #1 certificate SHA-1 digest: 61ed377e85d386a8dfee6b864bd85b0bfaa5af81
2023-05-14 11:58:09:877 [ADB] Signer #1 certificate MD5 digest: e89b158e4bcf988ebd09eb83f5378e87
2023-05-14 11:58:09:877 [ADB] 
2023-05-14 11:58:09:878 [ADB] sha256 hash did match for 'appium-uiautomator2-server-v4.27.0.apk'
2023-05-14 11:58:09:878 [ADB] 'C:\Users\91934\AppData\Roaming\npm\node_modules\appium\node_modules\appium-uiautomator2-server\apks\appium-uiautomator2-server-v4.27.0.apk' is signed with the default certificate
2023-05-14 11:58:09:878 [ADB] Getting install status for io.appium.uiautomator2.server.test
2023-05-14 11:58:09:878 [ADB] Running 'C:\Users\91934\AppData\Local\Android\Sdk\platform-tools\adb.exe -P 5037 -s d27a4bda shell dumpsys package io.appium.uiautomator2.server.test'
2023-05-14 11:58:09:997 [ADB] 'io.appium.uiautomator2.server.test' is installed
2023-05-14 11:58:09:997 [ADB] Checking app cert for C:\Users\91934\AppData\Roaming\npm\node_modules\appium\node_modules\appium-uiautomator2-server\apks\appium-uiautomator2-server-debug-androidTest.apk
2023-05-14 11:58:10:003 [ADB] Starting apksigner: 'C:\\Program Files\\Java\\jdk-11\\bin\\java.exe' -Xmx1024M -Xss1m -jar C:\\Users\\91934\\AppData\\Local\\Android\\Sdk\\build-tools\\33.0.2\\lib\\apksigner.jar verify --print-certs C:\\Users\\91934\\AppData\\Roaming\\npm\\node_modules\\appium\\node_modules\\appium-uiautomator2-server\\apks\\appium-uiautomator2-server-debug-androidTest.apk
2023-05-14 11:58:10:609 [ADB] apksigner stdout: Signer #1 certificate DN: EMAILADDRESS=android@android.com, CN=Android, OU=Android, O=Android, L=Mountain View, ST=California, C=US
2023-05-14 11:58:10:609 [ADB] Signer #1 certificate SHA-256 digest: a40da80a59d170caa950cf15c18c454d47a39b26989d8b640ecd745ba71bf5dc
2023-05-14 11:58:10:609 [ADB] Signer #1 certificate SHA-1 digest: 61ed377e85d386a8dfee6b864bd85b0bfaa5af81
2023-05-14 11:58:10:609 [ADB] Signer #1 certificate MD5 digest: e89b158e4bcf988ebd09eb83f5378e87
2023-05-14 11:58:10:610 [ADB] 
2023-05-14 11:58:10:610 [ADB] sha256 hash did match for 'appium-uiautomator2-server-debug-androidTest.apk'
2023-05-14 11:58:10:610 [ADB] 'C:\Users\91934\AppData\Roaming\npm\node_modules\appium\node_modules\appium-uiautomator2-server\apks\appium-uiautomator2-server-debug-androidTest.apk' is signed with the default certificate
2023-05-14 11:58:10:610 [UiAutomator2] Server packages are not going to be (re)installed
2023-05-14 11:58:10:614 [UiAutomator2] Waiting up to 30000ms for services to be available
2023-05-14 11:58:10:615 [ADB] Running 'C:\Users\91934\AppData\Local\Android\Sdk\platform-tools\adb.exe -P 5037 -s d27a4bda shell pm list instrumentation'
2023-05-14 11:58:10:733 [UiAutomator2] Instrumentation target 'io.appium.uiautomator2.server.test/androidx.test.runner.AndroidJUnitRunner' is available
2023-05-14 11:58:10:737 [ADB] Adding packages ["io.appium.settings","io.appium.uiautomator2.server","io.appium.uiautomator2.server.test"] to Doze whitelist
2023-05-14 11:58:10:737 [ADB] Got the following command chunks to execute: [["dumpsys","deviceidle","whitelist","+io.appium.settings",";","dumpsys","deviceidle","whitelist","+io.appium.uiautomator2.server",";","dumpsys","deviceidle","whitelist","+io.appium.uiautomator2.server.test",";"]]
2023-05-14 11:58:10:738 [ADB] Running 'C:\Users\91934\AppData\Local\Android\Sdk\platform-tools\adb.exe -P 5037 -s d27a4bda shell dumpsys deviceidle whitelist +io.appium.settings ; dumpsys deviceidle whitelist +io.appium.uiautomator2.server ; dumpsys deviceidle whitelist +io.appium.uiautomator2.server.test ;'
2023-05-14 11:58:10:897 [ADB] Checking app cert for C:\Users\91934\Desktop\Commit\appium-cucumberbdd-master\src\test\resources\apps\app-release.apk
2023-05-14 11:58:11:110 [ADB] Starting apksigner: 'C:\\Program Files\\Java\\jdk-11\\bin\\java.exe' -Xmx1024M -Xss1m -jar C:\\Users\\91934\\AppData\\Local\\Android\\Sdk\\build-tools\\33.0.2\\lib\\apksigner.jar verify --print-certs C:\\Users\\91934\\Desktop\\Commit\\appium-cucumberbdd-master\\src\\test\\resources\\apps\\app-release.apk
2023-05-14 11:58:12:559 [ADB] apksigner stdout: Signer #1 certificate DN: CN=Unknown, OU=Unknown, O=Unknown, L=Unknown, ST=Unknown, C=Unknown
2023-05-14 11:58:12:559 [ADB] Signer #1 certificate SHA-256 digest: ee577613464d356575ce4f63b397238d3cf4199efdaba2d41f4cde7570ef701f
2023-05-14 11:58:12:559 [ADB] Signer #1 certificate SHA-1 digest: 7a4e65617bd3e1134b8ddac51e00a99d8261c5b2
2023-05-14 11:58:12:559 [ADB] Signer #1 certificate MD5 digest: d9208b5e2b822f1d1c9cad9186fccb76
2023-05-14 11:58:12:559 [ADB] 
2023-05-14 11:58:12:560 [ADB] 'C:\Users\91934\Desktop\Commit\appium-cucumberbdd-master\src\test\resources\apps\app-release.apk' is signed with a non-default certificate
2023-05-14 11:58:12:561 [ADB] Getting install status for com.lyofi.wallet
2023-05-14 11:58:12:561 [ADB] Running 'C:\Users\91934\AppData\Local\Android\Sdk\platform-tools\adb.exe -P 5037 -s d27a4bda shell dumpsys package com.lyofi.wallet'
2023-05-14 11:58:12:687 [ADB] 'com.lyofi.wallet' is installed
2023-05-14 11:58:12:687 [ADB] Getting package info for 'com.lyofi.wallet'
2023-05-14 11:58:12:687 [ADB] Running 'C:\Users\91934\AppData\Local\Android\Sdk\platform-tools\adb.exe -P 5037 -s d27a4bda shell dumpsys package com.lyofi.wallet'
2023-05-14 11:58:12:831 [ADB] The version name of the installed 'com.lyofi.wallet' is greater or equal to the application version name ('1.3.5' >= '1.3.5')
2023-05-14 11:58:12:832 [ADB] There is no need to install/upgrade 'C:\Users\91934\Desktop\Commit\appium-cucumberbdd-master\src\test\resources\apps\app-release.apk'
2023-05-14 11:58:12:832 [AndroidDriver] Performing fast reset on 'com.lyofi.wallet'
2023-05-14 11:58:12:833 [ADB] Getting install status for com.lyofi.wallet
2023-05-14 11:58:12:833 [ADB] Running 'C:\Users\91934\AppData\Local\Android\Sdk\platform-tools\adb.exe -P 5037 -s d27a4bda shell dumpsys package com.lyofi.wallet'
2023-05-14 11:58:12:955 [ADB] 'com.lyofi.wallet' is installed
2023-05-14 11:58:12:956 [ADB] Running 'C:\Users\91934\AppData\Local\Android\Sdk\platform-tools\adb.exe -P 5037 -s d27a4bda shell am force-stop com.lyofi.wallet'
2023-05-14 11:58:13:093 [ADB] Running 'C:\Users\91934\AppData\Local\Android\Sdk\platform-tools\adb.exe -P 5037 -s d27a4bda shell pm clear com.lyofi.wallet'
2023-05-14 11:58:13:288 [AndroidDriver] Performed fast reset on the installed 'com.lyofi.wallet' application (stop and clear)
2023-05-14 11:58:13:290 [UiAutomator2] Performing shallow cleanup of automation leftovers
2023-05-14 11:58:13:333 [UiAutomator2] No obsolete sessions have been detected (socket hang up)
2023-05-14 11:58:13:334 [ADB] Running 'C:\Users\91934\AppData\Local\Android\Sdk\platform-tools\adb.exe -P 5037 -s d27a4bda shell am force-stop io.appium.uiautomator2.server.test'
2023-05-14 11:58:13:452 [UiAutomator2] Starting UIAutomator2 server 4.27.0
2023-05-14 11:58:13:452 [UiAutomator2] Using UIAutomator2 server from 'C:\Users\91934\AppData\Roaming\npm\node_modules\appium\node_modules\appium-uiautomator2-server\apks\appium-uiautomator2-server-v4.27.0.apk' and test from 'C:\Users\91934\AppData\Roaming\npm\node_modules\appium\node_modules\appium-uiautomator2-server\apks\appium-uiautomator2-server-debug-androidTest.apk'
2023-05-14 11:58:13:452 [UiAutomator2] Waiting up to 30000ms for UiAutomator2 to be online...
2023-05-14 11:58:13:452 [ADB] Creating ADB subprocess with args: ["-P",5037,"-s","d27a4bda","shell","am","instrument","-w","-e","disableAnalytics",true,"io.appium.uiautomator2.server.test/androidx.test.runner.AndroidJUnitRunner"]
2023-05-14 11:58:13:464 [WD Proxy] Matched '/status' to command name 'getStatus'
2023-05-14 11:58:13:466 [WD Proxy] Proxying [GET /status] to [GET http://127.0.0.1:10000/wd/hub/status] with no body
2023-05-14 11:58:13:476 [WD Proxy] socket hang up
2023-05-14 11:58:14:492 [WD Proxy] Matched '/status' to command name 'getStatus'
2023-05-14 11:58:14:493 [WD Proxy] Proxying [GET /status] to [GET http://127.0.0.1:10000/wd/hub/status] with no body
2023-05-14 11:58:14:504 [WD Proxy] socket hang up
2023-05-14 11:58:15:500 [Instrumentation] io.appium.uiautomator2.server.test.AppiumUiAutomator2Server:
2023-05-14 11:58:15:505 [WD Proxy] Matched '/status' to command name 'getStatus'
2023-05-14 11:58:15:505 [WD Proxy] Proxying [GET /status] to [GET http://127.0.0.1:10000/wd/hub/status] with no body
2023-05-14 11:58:15:513 [WD Proxy] socket hang up
2023-05-14 11:58:16:518 [WD Proxy] Matched '/status' to command name 'getStatus'
2023-05-14 11:58:16:518 [WD Proxy] Proxying [GET /status] to [GET http://127.0.0.1:10000/wd/hub/status] with no body
2023-05-14 11:58:16:525 [WD Proxy] socket hang up
2023-05-14 11:58:17:530 [WD Proxy] Matched '/status' to command name 'getStatus'
2023-05-14 11:58:17:530 [WD Proxy] Proxying [GET /status] to [GET http://127.0.0.1:10000/wd/hub/status] with no body
2023-05-14 11:58:17:626 [WD Proxy] Got response with status 200: {"sessionId":"None","value":{"message":"UiAutomator2 Server is ready to accept commands","ready":true}}
2023-05-14 11:58:17:627 [UiAutomator2] The initialization of the instrumentation process took 4175ms
2023-05-14 11:58:17:627 [WD Proxy] Matched '/session' to command name 'createSession'
2023-05-14 11:58:17:627 [WD Proxy] Proxying [POST /session] to [POST http://127.0.0.1:10000/wd/hub/session] with body: {"capabilities":{"firstMatch":[{"platform":"LINUX","webStorageEnabled":false,"takesScreenshot":true,"javascriptEnabled":true,"databaseEnabled":false,"networkConnectionEnabled":true,"locationContextEnabled":false,"warnings":{},"desired":{"platformName":"android","chromeDriverPort":11000,"app":"C:\\Users\\91934\\Desktop\\Commit\\appium-cucumberbdd-master\\src\\test\\resources\\apps\\app-release.apk","appActivity":"com.lyofi.wallet.MainActivity","appPackage":"com.lyofi.wallet","automationName":"UiAutomator2","deviceName":"Redmi Note_9","systemPort":10000,"udid":"d27a4bda"},"platformName":"android","chromeDriverPort":11000,"app":"C:\\Users\\91934\\Desktop\\Commit\\appium-cucumberbdd-master\\src\\test\\resources\\apps\\app-release.apk","appActivity":"com.lyofi.wallet.MainActivity","appPackage":"com.lyofi.wallet","automationName":"UiAutomator2","deviceName":"d27a4bda","systemPort":10000,"udid":"d27a4bda","deviceUDID":"d27a4bda"}],"alwaysMatch":{}}}
2023-05-14 11:58:17:656 [WD Proxy] Got response with status 200: {"sessionId":"99e7b7e7-025f-4abd-892a-5e10c402e8b5","value":{"capabilities":{"firstMatch":[{"platform":"LINUX","webStorageEnabled":false,"takesScreenshot":true,"javascriptEnabled":true,"databaseEnabled":false,"networkConnectionEnabled":true,"locationContextEnabled":false,"warnings":{},"desired":{"platformName":"android","chromeDriverPort":11000,"app":"C:\\Users\\91934\\Desktop\\Commit\\appium-cucumberbdd-master\\src\\test\\resources\\apps\\app-release.apk","appActivity":"com.lyofi.wallet.MainActivity","appPackage":"com.lyofi.wallet","automationName":"UiAutomator2","deviceName":"Redmi Note_9","systemPort":10000,"udid":"d27a4bda"},"platformName":"android","chromeDriverPort":11000,"app":"C:\\Users\\91934\\Desktop\\Commit\\appium-cucumberbdd-master\\src\\test\\resources\\apps\\app-release.apk","appActivity":"com.lyofi.wallet.MainActivity","appPackage":"com.lyofi.wallet","automationName":"UiAutomator2","deviceName":"d27a4bda","systemPort":10000,"udid":"d27a4bda","deviceUDID":"d27a4bda"}],"alwaysMatch":{}},"sess...
2023-05-14 11:58:17:656 [WD Proxy] Determined the downstream protocol as 'W3C'
2023-05-14 11:58:17:676 [WD Proxy] Proxying [GET /appium/device/info] to [GET http://127.0.0.1:10000/wd/hub/session/99e7b7e7-025f-4abd-892a-5e10c402e8b5/appium/device/info] with no body
2023-05-14 11:58:17:772 [WD Proxy] Got response with status 200: {"sessionId":"99e7b7e7-025f-4abd-892a-5e10c402e8b5","value":{"androidId":"de9b6904206bf85c","apiVersion":"29","bluetooth":{"state":"OFF"},"brand":"Redmi","carrierName":"JIO 4G","displayDensity":440,"locale":"en_IN","manufacturer":"Xiaomi","model":"Redmi Note 9 Pro Max","networks":[{"capabilities":{"SSID":null,"linkDownBandwidthKbps":102400,"linkUpstreamBandwidthKbps":51200,"networkCapabilities":"NET_CAPABILITY_INTERNET,NET_CAPABILITY_NOT_RESTRICTED,NET_CAPABILITY_TRUSTED,NET_CAPABILITY_NOT_VPN,NET_CAPABILITY_VALIDATED,NET_CAPABILITY_NOT_ROAMING,NET_CAPABILITY_FOREGROUND,NET_CAPABILITY_NOT_CONGESTED,NET_CAPABILITY_NOT_SUSPENDED","signalStrength":-2147483648,"transportTypes":"TRANSPORT_CELLULAR"},"detailedState":"CONNECTED","extraInfo":"jionet","isAvailable":true,"isConnected":true,"isFailover":false,"isRoaming":false,"state":"CONNECTED","subtype":13,"subtypeName":"LTE","type":0,"typeName":"MOBILE"},{"capabilities":{"SSID":null,"linkDownBandwidthKbps":102400,"linkUpstreamBandwidthKbps":51200,"networkCapabili...
2023-05-14 11:58:17:774 [ADB] Running 'C:\Users\91934\AppData\Local\Android\Sdk\platform-tools\adb.exe -P 5037 -s d27a4bda shell dumpsys window'
2023-05-14 11:58:17:945 [AndroidDriver] Screen already unlocked, doing nothing
2023-05-14 11:58:17:945 [UiAutomator2] Starting 'com.lyofi.wallet/com.lyofi.wallet.MainActivity and waiting for 'com.lyofi.wallet/com.lyofi.wallet.MainActivity'
2023-05-14 11:58:17:946 [ADB] Running 'C:\Users\91934\AppData\Local\Android\Sdk\platform-tools\adb.exe -P 5037 -s d27a4bda shell am start -W -n com.lyofi.wallet/com.lyofi.wallet.MainActivity -S -a android.intent.action.MAIN -c android.intent.category.LAUNCHER -f 0x10200000'
2023-05-14 11:58:18:852 [WD Proxy] Proxying [GET /appium/device/pixel_ratio] to [GET http://127.0.0.1:10000/wd/hub/session/99e7b7e7-025f-4abd-892a-5e10c402e8b5/appium/device/pixel_ratio] with no body
2023-05-14 11:58:18:863 [WD Proxy] Got response with status 200: {"sessionId":"99e7b7e7-025f-4abd-892a-5e10c402e8b5","value":2.75}
2023-05-14 11:58:18:864 [WD Proxy] Matched '/appium/device/system_bars' to command name 'getSystemBars'
2023-05-14 11:58:18:865 [WD Proxy] Proxying [GET /appium/device/system_bars] to [GET http://127.0.0.1:10000/wd/hub/session/99e7b7e7-025f-4abd-892a-5e10c402e8b5/appium/device/system_bars] with no body
2023-05-14 11:58:18:874 [WD Proxy] Got response with status 200: {"sessionId":"99e7b7e7-025f-4abd-892a-5e10c402e8b5","value":{"statusBar":102}}
2023-05-14 11:58:18:875 [WD Proxy] Matched '/window/current/size' to command name 'getWindowSize'
2023-05-14 11:58:18:875 [WD Proxy] Proxying [GET /window/current/size] to [GET http://127.0.0.1:10000/wd/hub/session/99e7b7e7-025f-4abd-892a-5e10c402e8b5/window/current/size] with no body
2023-05-14 11:58:18:892 [WD Proxy] Got response with status 200: {"sessionId":"99e7b7e7-025f-4abd-892a-5e10c402e8b5","value":{"height":2168,"width":1080}}
2023-05-14 11:58:18:893 [Appium] New AndroidUiautomator2Driver session created successfully, session 025fc2f4-319d-4e02-b6e4-b9be9bdf6d91 added to master session list
2023-05-14 11:58:18:894 [BaseDriver] Event 'newSessionStarted' logged at 1684065498894 (17:28:18 GMT+0530 (India Standard Time))
2023-05-14 11:58:18:894 [W3C (025fc2f4)] Cached the protocol value 'W3C' for the new session 025fc2f4-319d-4e02-b6e4-b9be9bdf6d91
2023-05-14 11:58:18:895 [W3C (025fc2f4)] Responding to client with driver.createSession() result: {"capabilities":{"platform":"LINUX","webStorageEnabled":false,"takesScreenshot":true,"javascriptEnabled":true,"databaseEnabled":false,"networkConnectionEnabled":true,"locationContextEnabled":false,"warnings":{},"desired":{"platformName":"android","chromeDriverPort":11000,"app":"C:\\Users\\91934\\Desktop\\Commit\\appium-cucumberbdd-master\\src\\test\\resources\\apps\\app-release.apk","appActivity":"com.lyofi.wallet.MainActivity","appPackage":"com.lyofi.wallet","automationName":"UiAutomator2","deviceName":"Redmi Note_9","systemPort":10000,"udid":"d27a4bda"},"platformName":"android","chromeDriverPort":11000,"app":"C:\\Users\\91934\\Desktop\\Commit\\appium-cucumberbdd-master\\src\\test\\resources\\apps\\app-release.apk","appActivity":"com.lyofi.wallet.MainActivity","appPackage":"com.lyofi.wallet","automationName":"UiAutomator2","deviceName":"d27a4bda","systemPort":10000,"udid":"d27a4bda","deviceUDID":"d27a4bda","deviceApiLevel":29,"platformVersion":"10","deviceScreenSize":"1080x2400","deviceScreenDensity":440,...
2023-05-14 11:58:18:896 [HTTP] <-- POST /wd/hub/session 200 13132 ms - 1251
2023-05-14 11:58:18:896 [HTTP] 
2023-05-14 11:58:19:726 [HTTP] --> POST /wd/hub/session/025fc2f4-319d-4e02-b6e4-b9be9bdf6d91/appium/start_recording_screen
2023-05-14 11:58:19:726 [HTTP] {}
2023-05-14 11:58:19:737 [W3C (025fc2f4)] Calling AppiumDriver.startRecordingScreen() with args: [null,"025fc2f4-319d-4e02-b6e4-b9be9bdf6d91"]
2023-05-14 11:58:19:738 [ADB] Getting IDs of all 'screenrecord' processes
2023-05-14 11:58:19:739 [ADB] Running 'C:\Users\91934\AppData\Local\Android\Sdk\platform-tools\adb.exe -P 5037 -s d27a4bda shell pgrep -f \(\[\[:blank:\]\]\|\^\)screenrecord\(\[\[:blank:\]\]\|\$\)'
2023-05-14 11:58:19:916 [AndroidDriver] Screen recording has not been previously started by Appium. There is nothing to stop
2023-05-14 11:58:19:916 [ADB] Getting IDs of all 'screenrecord' processes
2023-05-14 11:58:19:917 [ADB] Running 'C:\Users\91934\AppData\Local\Android\Sdk\platform-tools\adb.exe -P 5037 -s d27a4bda shell pgrep -f \(\[\[:blank:\]\]\|\^\)screenrecord\(\[\[:blank:\]\]\|\$\)'
2023-05-14 11:58:20:032 [ADB] Building screenrecord process with the command line: adb -P 5037 -s d27a4bda shell screenrecord --time-limit 180 /sdcard/8921de04.mp4
2023-05-14 11:58:20:044 [ADB] Running 'C:\Users\91934\AppData\Local\Android\Sdk\platform-tools\adb.exe -P 5037 -s d27a4bda shell "[ -e '/sdcard/8921de04.mp4' ] && echo __PASS__"'
2023-05-14 11:58:20:413 [ADB] Running 'C:\Users\91934\AppData\Local\Android\Sdk\platform-tools\adb.exe -P 5037 -s d27a4bda shell "[ -e '/sdcard/8921de04.mp4' ] && echo __PASS__"'
2023-05-14 11:58:20:490 [W3C (025fc2f4)] Responding to client with driver.startRecordingScreen() result: ""
2023-05-14 11:58:20:493 [HTTP] <-- POST /wd/hub/session/025fc2f4-319d-4e02-b6e4-b9be9bdf6d91/appium/start_recording_screen 200 765 ms - 12
2023-05-14 11:58:20:493 [HTTP] 
2023-05-14 11:58:20:892 [HTTP] --> GET /wd/hub/session/025fc2f4-319d-4e02-b6e4-b9be9bdf6d91/context
2023-05-14 11:58:20:892 [HTTP] {}
2023-05-14 11:58:20:898 [W3C (025fc2f4)] Calling AppiumDriver.getCurrentContext() with args: ["025fc2f4-319d-4e02-b6e4-b9be9bdf6d91"]
2023-05-14 11:58:20:899 [W3C (025fc2f4)] Responding to client with driver.getCurrentContext() result: "NATIVE_APP"
2023-05-14 11:58:20:901 [HTTP] <-- GET /wd/hub/session/025fc2f4-319d-4e02-b6e4-b9be9bdf6d91/context 200 8 ms - 22
2023-05-14 11:58:20:901 [HTTP] 
2023-05-14 11:58:20:911 [HTTP] --> POST /wd/hub/session/025fc2f4-319d-4e02-b6e4-b9be9bdf6d91/element
2023-05-14 11:58:20:912 [HTTP] {"using":"xpath","value":"(//*[contains(@class,'TextView')])[1]"}
2023-05-14 11:58:20:914 [W3C (025fc2f4)] Calling AppiumDriver.findElement() with args: ["xpath","(//*[contains(@class,'TextView')])[1]","025fc2f4-319d-4e02-b6e4-b9be9bdf6d91"]
2023-05-14 11:58:20:914 [BaseDriver] Valid locator strategies for this request: xpath, id, class name, accessibility id, css selector, -android uiautomator
2023-05-14 11:58:20:915 [BaseDriver] Waiting up to 0 ms for condition
2023-05-14 11:58:20:918 [WD Proxy] Matched '/element' to command name 'findElement'
2023-05-14 11:58:20:919 [WD Proxy] Proxying [POST /element] to [POST http://127.0.0.1:10000/wd/hub/session/99e7b7e7-025f-4abd-892a-5e10c402e8b5/element] with body: {"strategy":"xpath","selector":"(//*[contains(@class,'TextView')])[1]","context":"","multiple":false}
2023-05-14 11:58:31:416 [WD Proxy] Got response with status 200: {"sessionId":"99e7b7e7-025f-4abd-892a-5e10c402e8b5","value":{"ELEMENT":"00000000-0000-036a-ffff-ffff0000001f","element-6066-11e4-a52e-4f735466cecf":"00000000-0000-036a-ffff-ffff0000001f"}}
2023-05-14 11:58:31:418 [W3C (025fc2f4)] Responding to client with driver.findElement() result: {"element-6066-11e4-a52e-4f735466cecf":"00000000-0000-036a-ffff-ffff0000001f","ELEMENT":"00000000-0000-036a-ffff-ffff0000001f"}
2023-05-14 11:58:31:419 [HTTP] <-- POST /wd/hub/session/025fc2f4-319d-4e02-b6e4-b9be9bdf6d91/element 200 10507 ms - 137
2023-05-14 11:58:31:419 [HTTP] 
2023-05-14 11:58:31:431 [HTTP] --> GET /wd/hub/session/025fc2f4-319d-4e02-b6e4-b9be9bdf6d91/element/00000000-0000-036a-ffff-ffff0000001f/displayed
2023-05-14 11:58:31:431 [HTTP] {}
2023-05-14 11:58:31:432 [W3C (025fc2f4)] Calling AppiumDriver.elementDisplayed() with args: ["00000000-0000-036a-ffff-ffff0000001f","025fc2f4-319d-4e02-b6e4-b9be9bdf6d91"]
2023-05-14 11:58:31:438 [WD Proxy] Matched '/element/00000000-0000-036a-ffff-ffff0000001f/attribute/displayed' to command name 'getAttribute'
2023-05-14 11:58:31:438 [WD Proxy] Proxying [GET /element/00000000-0000-036a-ffff-ffff0000001f/attribute/displayed] to [GET http://127.0.0.1:10000/wd/hub/session/99e7b7e7-025f-4abd-892a-5e10c402e8b5/element/00000000-0000-036a-ffff-ffff0000001f/attribute/displayed] with no body
2023-05-14 11:58:51:642 [WD Proxy] Got response with status 200: {"sessionId":"99e7b7e7-025f-4abd-892a-5e10c402e8b5","value":"true"}
2023-05-14 11:58:51:643 [W3C (025fc2f4)] Responding to client with driver.elementDisplayed() result: true
2023-05-14 11:58:51:644 [HTTP] <-- GET /wd/hub/session/025fc2f4-319d-4e02-b6e4-b9be9bdf6d91/element/00000000-0000-036a-ffff-ffff0000001f/displayed 200 20213 ms - 14
2023-05-14 11:58:51:644 [HTTP] 
2023-05-14 11:58:51:651 [HTTP] --> GET /wd/hub/session/025fc2f4-319d-4e02-b6e4-b9be9bdf6d91/context
2023-05-14 11:58:51:652 [HTTP] {}
2023-05-14 11:58:51:653 [W3C (025fc2f4)] Calling AppiumDriver.getCurrentContext() with args: ["025fc2f4-319d-4e02-b6e4-b9be9bdf6d91"]
2023-05-14 11:58:51:653 [W3C (025fc2f4)] Responding to client with driver.getCurrentContext() result: "NATIVE_APP"
2023-05-14 11:58:51:655 [HTTP] <-- GET /wd/hub/session/025fc2f4-319d-4e02-b6e4-b9be9bdf6d91/context 200 3 ms - 22
2023-05-14 11:58:51:656 [HTTP] 
2023-05-14 11:58:51:667 [HTTP] --> POST /wd/hub/session/025fc2f4-319d-4e02-b6e4-b9be9bdf6d91/element
2023-05-14 11:58:51:667 [HTTP] {"using":"xpath","value":"(//*[contains(@class,'TextView')])[1]"}
2023-05-14 11:58:51:668 [W3C (025fc2f4)] Calling AppiumDriver.findElement() with args: ["xpath","(//*[contains(@class,'TextView')])[1]","025fc2f4-319d-4e02-b6e4-b9be9bdf6d91"]
2023-05-14 11:58:51:668 [BaseDriver] Valid locator strategies for this request: xpath, id, class name, accessibility id, css selector, -android uiautomator
2023-05-14 11:58:51:669 [BaseDriver] Waiting up to 0 ms for condition
2023-05-14 11:58:51:669 [WD Proxy] Matched '/element' to command name 'findElement'
2023-05-14 11:58:51:670 [WD Proxy] Proxying [POST /element] to [POST http://127.0.0.1:10000/wd/hub/session/99e7b7e7-025f-4abd-892a-5e10c402e8b5/element] with body: {"strategy":"xpath","selector":"(//*[contains(@class,'TextView')])[1]","context":"","multiple":false}
2023-05-14 11:59:01:853 [WD Proxy] Got response with status 200: {"sessionId":"99e7b7e7-025f-4abd-892a-5e10c402e8b5","value":{"ELEMENT":"00000000-0000-036a-ffff-ffff0000001f","element-6066-11e4-a52e-4f735466cecf":"00000000-0000-036a-ffff-ffff0000001f"}}
2023-05-14 11:59:01:854 [W3C (025fc2f4)] Responding to client with driver.findElement() result: {"element-6066-11e4-a52e-4f735466cecf":"00000000-0000-036a-ffff-ffff0000001f","ELEMENT":"00000000-0000-036a-ffff-ffff0000001f"}
2023-05-14 11:59:01:855 [HTTP] <-- POST /wd/hub/session/025fc2f4-319d-4e02-b6e4-b9be9bdf6d91/element 200 10188 ms - 137
2023-05-14 11:59:01:855 [HTTP] 
2023-05-14 11:59:01:862 [HTTP] --> GET /wd/hub/session/025fc2f4-319d-4e02-b6e4-b9be9bdf6d91/element/00000000-0000-036a-ffff-ffff0000001f/attribute/text
2023-05-14 11:59:01:862 [HTTP] {}
2023-05-14 11:59:01:864 [W3C (025fc2f4)] Calling AppiumDriver.getAttribute() with args: ["text","00000000-0000-036a-ffff-ffff0000001f","025fc2f4-319d-4e02-b6e4-b9be9bdf6d91"]
2023-05-14 11:59:01:865 [WD Proxy] Matched '/element/00000000-0000-036a-ffff-ffff0000001f/attribute/text' to command name 'getAttribute'
2023-05-14 11:59:01:867 [WD Proxy] Proxying [GET /element/00000000-0000-036a-ffff-ffff0000001f/attribute/text] to [GET http://127.0.0.1:10000/wd/hub/session/99e7b7e7-025f-4abd-892a-5e10c402e8b5/element/00000000-0000-036a-ffff-ffff0000001f/attribute/text] with no body
2023-05-14 11:59:03:633 [HTTP] <-- GET /wd/hub/session/025fc2f4-319d-4e02-b6e4-b9be9bdf6d91/element/00000000-0000-036a-ffff-ffff0000001f/attribute/text - - ms - -
2023-05-14 11:59:03:634 [HTTP] 
2023-05-14 11:59:03:652 uncaughtException: EPIPE: broken pipe, write
Error: EPIPE: broken pipe, write
    at Socket._write (node:internal/net:61:25)
    at writeOrBuffer (node:internal/streams/writable:392:12)
    at _write (node:internal/streams/writable:333:10)
    at Socket.Writable.write (node:internal/streams/writable:337:10)
    at Console.log (C:\Users\91934\AppData\Roaming\npm\node_modules\appium\node_modules\winston\lib\winston\transports\console.js:79:23)
    at Console._write (C:\Users\91934\AppData\Roaming\npm\node_modules\appium\node_modules\winston-transport\index.js:103:17)
    at doWrite (C:\Users\91934\AppData\Roaming\npm\node_modules\appium\node_modules\winston-transport\node_modules\readable-stream\lib\_stream_writable.js:428:64)
    at writeOrBuffer (C:\Users\91934\AppData\Roaming\npm\node_modules\appium\node_modules\winston-transport\node_modules\readable-stream\lib\_stream_writable.js:417:5)
    at Console.Writable.write (C:\Users\91934\AppData\Roaming\npm\node_modules\appium\node_modules\winston-transport\node_modules\readable-stream\lib\_stream_writable.js:334:11)
    at DerivedLogger.ondata (C:\Users\91934\AppData\Roaming\npm\node_modules\appium\node_modules\readable-stream\lib\_stream_readable.js:681:20)
    at DerivedLogger.emit (node:events:525:35)
    at addChunk (C:\Users\91934\AppData\Roaming\npm\node_modules\appium\node_modules\readable-stream\lib\_stream_readable.js:298:12)
    at readableAddChunk (C:\Users\91934\AppData\Roaming\npm\node_modules\appium\node_modules\readable-stream\lib\_stream_readable.js:280:11)
    at DerivedLogger.Readable.push (C:\Users\91934\AppData\Roaming\npm\node_modules\appium\node_modules\readable-stream\lib\_stream_readable.js:241:10)
    at DerivedLogger.Transform.push (C:\Users\91934\AppData\Roaming\npm\node_modules\appium\node_modules\readable-stream\lib\_stream_transform.js:139:32)
    at DerivedLogger._transform (C:\Users\91934\AppData\Roaming\npm\node_modules\appium\node_modules\winston\lib\winston\logger.js:305:12)
2023-05-14 11:59:03:654 uncaughtException: EPIPE: broken pipe, write
Error: EPIPE: broken pipe, write
    at Socket._write (node:internal/net:61:25)
    at writeOrBuffer (node:internal/streams/writable:392:12)
    at _write (node:internal/streams/writable:333:10)
    at Socket.Writable.write (node:internal/streams/writable:337:10)
    at Console.log (C:\Users\91934\AppData\Roaming\npm\node_modules\appium\node_modules\winston\lib\winston\transports\console.js:51:25)
    at Console._write (C:\Users\91934\AppData\Roaming\npm\node_modules\appium\node_modules\winston-transport\index.js:103:17)
    at doWrite (C:\Users\91934\AppData\Roaming\npm\node_modules\appium\node_modules\winston-transport\node_modules\readable-stream\lib\_stream_writable.js:428:64)
    at writeOrBuffer (C:\Users\91934\AppData\Roaming\npm\node_modules\appium\node_modules\winston-transport\node_modules\readable-stream\lib\_stream_writable.js:417:5)
    at Console.Writable.write (C:\Users\91934\AppData\Roaming\npm\node_modules\appium\node_modules\winston-transport\node_modules\readable-stream\lib\_stream_writable.js:334:11)
    at DerivedLogger.ondata (C:\Users\91934\AppData\Roaming\npm\node_modules\appium\node_modules\readable-stream\lib\_stream_readable.js:681:20)
    at DerivedLogger.emit (node:events:525:35)
    at addChunk (C:\Users\91934\AppData\Roaming\npm\node_modules\appium\node_modules\readable-stream\lib\_stream_readable.js:298:12)
    at readableAddChunk (C:\Users\91934\AppData\Roaming\npm\node_modules\appium\node_modules\readable-stream\lib\_stream_readable.js:280:11)
    at DerivedLogger.Readable.push (C:\Users\91934\AppData\Roaming\npm\node_modules\appium\node_modules\readable-stream\lib\_stream_readable.js:241:10)
    at DerivedLogger.Transform.push (C:\Users\91934\AppData\Roaming\npm\node_modules\appium\node_modules\readable-stream\lib\_stream_transform.js:139:32)
    at DerivedLogger._transform (C:\Users\91934\AppData\Roaming\npm\node_modules\appium\node_modules\winston\lib\winston\logger.js:305:12)
2023-05-14 11:59:03:656 uncaughtException: EPIPE: broken pipe, write
Error: EPIPE: broken pipe, write
    at Socket._write (node:internal/net:61:25)
    at writeOrBuffer (node:internal/streams/writable:392:12)
    at _write (node:internal/streams/writable:333:10)
    at Socket.Writable.write (node:internal/streams/writable:337:10)
    at Console.log (C:\Users\91934\AppData\Roaming\npm\node_modules\appium\node_modules\winston\lib\winston\transports\console.js:51:25)
    at Console._write (C:\Users\91934\AppData\Roaming\npm\node_modules\appium\node_modules\winston-transport\index.js:103:17)
    at doWrite (C:\Users\91934\AppData\Roaming\npm\node_modules\appium\node_modules\winston-transport\node_modules\readable-stream\lib\_stream_writable.js:428:64)
    at writeOrBuffer (C:\Users\91934\AppData\Roaming\npm\node_modules\appium\node_modules\winston-transport\node_modules\readable-stream\lib\_stream_writable.js:417:5)
    at Console.Writable.write (C:\Users\91934\AppData\Roaming\npm\node_modules\appium\node_modules\winston-transport\node_modules\readable-stream\lib\_stream_writable.js:334:11)
    at DerivedLogger.ondata (C:\Users\91934\AppData\Roaming\npm\node_modules\appium\node_modules\readable-stream\lib\_stream_readable.js:681:20)
    at DerivedLogger.emit (node:events:525:35)
    at addChunk (C:\Users\91934\AppData\Roaming\npm\node_modules\appium\node_modules\readable-stream\lib\_stream_readable.js:298:12)
    at readableAddChunk (C:\Users\91934\AppData\Roaming\npm\node_modules\appium\node_modules\readable-stream\lib\_stream_readable.js:280:11)
    at DerivedLogger.Readable.push (C:\Users\91934\AppData\Roaming\npm\node_modules\appium\node_modules\readable-stream\lib\_stream_readable.js:241:10)
    at DerivedLogger.Transform.push (C:\Users\91934\AppData\Roaming\npm\node_modules\appium\node_modules\readable-stream\lib\_stream_transform.js:139:32)
    at DerivedLogger._transform (C:\Users\91934\AppData\Roaming\npm\node_modules\appium\node_modules\winston\lib\winston\logger.js:305:12)
2023-05-14 11:59:03:658 uncaughtException: EPIPE: broken pipe, write
Error: EPIPE: broken pipe, write
    at Socket._write (node:internal/net:61:25)
    at writeOrBuffer (node:internal/streams/writable:392:12)
    at _write (node:internal/streams/writable:333:10)
    at Socket.Writable.write (node:internal/streams/writable:337:10)
    at Console.log (C:\Users\91934\AppData\Roaming\npm\node_modules\appium\node_modules\winston\lib\winston\transports\console.js:51:25)
    at Console._write (C:\Users\91934\AppData\Roaming\npm\node_modules\appium\node_modules\winston-transport\index.js:103:17)
    at doWrite (C:\Users\91934\AppData\Roaming\npm\node_modules\appium\node_modules\winston-transport\node_modules\readable-stream\lib\_stream_writable.js:428:64)
    at writeOrBuffer (C:\Users\91934\AppData\Roaming\npm\node_modules\appium\node_modules\winston-transport\node_modules\readable-stream\lib\_stream_writable.js:417:5)
    at Console.Writable.write (C:\Users\91934\AppData\Roaming\npm\node_modules\appium\node_modules\winston-transport\node_modules\readable-stream\lib\_stream_writable.js:334:11)
    at DerivedLogger.ondata (C:\Users\91934\AppData\Roaming\npm\node_modules\appium\node_modules\readable-stream\lib\_stream_readable.js:681:20)
    at DerivedLogger.emit (node:events:525:35)
    at addChunk (C:\Users\91934\AppData\Roaming\npm\node_modules\appium\node_modules\readable-stream\lib\_stream_readable.js:298:12)
    at readableAddChunk (C:\Users\91934\AppData\Roaming\npm\node_modules\appium\node_modules\readable-stream\lib\_stream_readable.js:280:11)
    at DerivedLogger.Readable.push (C:\Users\91934\AppData\Roaming\npm\node_modules\appium\node_modules\readable-stream\lib\_stream_readable.js:241:10)
    at DerivedLogger.Transform.push (C:\Users\91934\AppData\Roaming\npm\node_modules\appium\node_modules\readable-stream\lib\_stream_transform.js:139:32)
    at DerivedLogger._transform (C:\Users\91934\AppData\Roaming\npm\node_modules\appium\node_modules\winston\lib\winston\logger.js:305:12)
2023-05-14 11:59:03:659 uncaughtException: EPIPE: broken pipe, write
Error: EPIPE: broken pipe, write
    at Socket._write (node:internal/net:61:25)
    at writeOrBuffer (node:internal/streams/writable:392:12)
    at _write (node:internal/streams/writable:333:10)
    at Socket.Writable.write (node:internal/streams/writable:337:10)
    at Console.log (C:\Users\91934\AppData\Roaming\npm\node_modules\appium\node_modules\winston\lib\winston\transports\console.js:51:25)
    at Console._write (C:\Users\91934\AppData\Roaming\npm\node_modules\appium\node_modules\winston-transport\index.js:103:17)
    at doWrite (C:\Users\91934\AppData\Roaming\npm\node_modules\appium\node_modules\winston-transport\node_modules\readable-stream\lib\_stream_writable.js:428:64)
    at writeOrBuffer (C:\Users\91934\AppData\Roaming\npm\node_modules\appium\node_modules\winston-transport\node_modules\readable-stream\lib\_stream_writable.js:417:5)
    at Console.Writable.write (C:\Users\91934\AppData\Roaming\npm\node_modules\appium\node_modules\winston-transport\node_modules\readable-stream\lib\_stream_writable.js:334:11)
    at DerivedLogger.ondata (C:\Users\91934\AppData\Roaming\npm\node_modules\appium\node_modules\readable-stream\lib\_stream_readable.js:681:20)
    at DerivedLogger.emit (node:events:525:35)
    at addChunk (C:\Users\91934\AppData\Roaming\npm\node_modules\appium\node_modules\readable-stream\lib\_stream_readable.js:298:12)
    at readableAddChunk (C:\Users\91934\AppData\Roaming\npm\node_modules\appium\node_modules\readable-stream\lib\_stream_readable.js:280:11)
    at DerivedLogger.Readable.push (C:\Users\91934\AppData\Roaming\npm\node_modules\appium\node_modules\readable-stream\lib\_stream_readable.js:241:10)
    at DerivedLogger.Transform.push (C:\Users\91934\AppData\Roaming\npm\node_modules\appium\node_modules\readable-stream\lib\_stream_transform.js:139:32)
    at DerivedLogger._transform (C:\Users\91934\AppData\Roaming\npm\node_modules\appium\node_modules\winston\lib\winston\logger.js:305:12)
